Build started 5/10/2014 7:32:00 AM.
Project "E:\myhm\7.final Credit program test\creat random access file with 100 blankrecord\creat random access file with 100 blankrecord.vcxproj" on node 2 (build target(s)).
InitializeBuildStatus:
  Touching "Debug\creat random access file with 100 blankrecord.unsuccessfulbuild".
ClCompile:
  All outputs are up-to-date.
  All outputs are up-to-date.
ManifestResourceCompile:
  All outputs are up-to-date.
Link:
  E:\New Folder\VC\bin\link.exe /ERRORREPORT:PROMPT /OUT:"E:\myhm\7.final Credit program test\Debug\creat random access file with 100 blankrecord.exe" /INCREMENTAL /NOLOGO kernel32.lib user32.lib gdi32.lib winspool.lib comdlg32.lib advapi32.lib shell32.lib ole32.lib oleaut32.lib uuid.lib odbc32.lib odbccp32.lib /MANIFEST /ManifestFile:"Debug\creat random access file with 100 blankrecord.exe.intermediate.manifest" /MANIFESTUAC:"level='asInvoker' uiAccess='false'" /DEBUG /PDB:"E:\myhm\7.final Credit program test\Debug\creat random access file with 100 blankrecord.pdb" /SUBSYSTEM:CONSOLE /TLBID:1 /DYNAMICBASE /NXCOMPAT /IMPLIB:"E:\myhm\7.final Credit program test\Debug\creat random access file with 100 blankrecord.lib" /MACHINE:X86 "Debug\creat random access file with 100 blankrecord.exe.embed.manifest.res"
  "Debug\creat random access file with 100 blankrecord.obj"
  Debug\stdafx.obj
creat random access file with 100 blankrecord.obj : error LNK2019: unresolved external symbol "public: __thiscall ClientData::ClientData(int,class std::basic_string<char,struct std::char_traits<char>,class std::allocator<char> >,class std::basic_string<char,struct std::char_traits<char>,class std::allocator<char> >,double)" (??0ClientData@@QAE@HV?$basic_string@DU?$char_traits@D@std@@V?$allocator@D@2@@std@@0N@Z) referenced in function _wmain
E:\myhm\7.final Credit program test\Debug\creat random access file with 100 blankrecord.exe : fatal error LNK1120: 1 unresolved externals
Done Building Project "E:\myhm\7.final Credit program test\creat random access file with 100 blankrecord\creat random access file with 100 blankrecord.vcxproj" (build target(s)) -- FAILED.

Build FAILED.

Time Elapsed 00:00:01.81
