Build started 16/10/2014 04:30:52 ب.ظ.
     1>Project "F:\myhm\20.MergeSort.test\20.MergeSort.test\20.MergeSort.test.vcxproj" on node 2 (build target(s)).
     1>InitializeBuildStatus:
         Touching "Debug\20.MergeSort.test.unsuccessfulbuild".
       ClCompile:
         c:\Program Files\Microsoft Visual Studio 10.0\VC\bin\CL.exe /c /ZI /nologo /W3 /WX- /Od /Oy- /D WIN32 /D _DEBUG /D _CONSOLE /D _UNICODE /D UNICODE /Gm /EHsc /RTC1 /MDd /GS /fp:precise /Zc:wchar_t /Zc:forScope /Yc"StdAfx.h" /Fp"Debug\20.MergeSort.test.pch" /Fo"Debug\\" /Fd"Debug\vc100.pdb" /Gd /TP /analyze- /errorReport:prompt stdafx.cpp
         stdafx.cpp
         c:\Program Files\Microsoft Visual Studio 10.0\VC\bin\CL.exe /c /ZI /nologo /W3 /WX- /Od /Oy- /D WIN32 /D _DEBUG /D _CONSOLE /D _UNICODE /D UNICODE /Gm /EHsc /RTC1 /MDd /GS /fp:precise /Zc:wchar_t /Zc:forScope /Yu"StdAfx.h" /Fp"Debug\20.MergeSort.test.pch" /Fo"Debug\\" /Fd"Debug\vc100.pdb" /Gd /TP /analyze- /errorReport:prompt 20.MergeSort.test.cpp
         20.MergeSort.test.cpp
       ManifestResourceCompile:
         c:\Program Files\Microsoft SDKs\Windows\v7.0A\bin\rc.exe /nologo /fo"Debug\20.MergeSort.test.exe.embed.manifest.res" Debug\20.MergeSort.test_manifest.rc 
       Link:
         c:\Program Files\Microsoft Visual Studio 10.0\VC\bin\link.exe /ERRORREPORT:PROMPT /OUT:"F:\myhm\20.MergeSort.test\Debug\20.MergeSort.test.exe" /INCREMENTAL /NOLOGO kernel32.lib user32.lib gdi32.lib winspool.lib comdlg32.lib advapi32.lib shell32.lib ole32.lib oleaut32.lib uuid.lib odbc32.lib odbccp32.lib /MANIFEST /ManifestFile:"Debug\20.MergeSort.test.exe.intermediate.manifest" /MANIFESTUAC:"level='asInvoker' uiAccess='false'" /DEBUG /PDB:"F:\myhm\20.MergeSort.test\Debug\20.MergeSort.test.pdb" /SUBSYSTEM:CONSOLE /TLBID:1 /DYNAMICBASE /NXCOMPAT /IMPLIB:"F:\myhm\20.MergeSort.test\Debug\20.MergeSort.test.lib" /MACHINE:X86 Debug\20.MergeSort.test.exe.embed.manifest.res
         Debug\20.MergeSort.test.obj
         Debug\stdafx.obj
     1>20.MergeSort.test.obj : error LNK2019: unresolved external symbol "public: void __thiscall MergeSort::sort(void)" (?sort@MergeSort@@QAEXXZ) referenced in function _main
     1>20.MergeSort.test.obj : error LNK2019: unresolved external symbol "public: void __thiscall MergeSort::displayElemnts(void)const " (?displayElemnts@MergeSort@@QBEXXZ) referenced in function _main
     1>20.MergeSort.test.obj : error LNK2019: unresolved external symbol "public: __thiscall MergeSort::MergeSort(int)" (??0MergeSort@@QAE@H@Z) referenced in function _main
     1>F:\myhm\20.MergeSort.test\Debug\20.MergeSort.test.exe : fatal error LNK1120: 3 unresolved externals
     1>Done Building Project "F:\myhm\20.MergeSort.test\20.MergeSort.test\20.MergeSort.test.vcxproj" (build target(s)) -- FAILED.

Build FAILED.

Time Elapsed 00:00:01.18
