Build started 5/10/2014 12:30:46 PM.
Project "E:\myhm\7.final Credit program test\7.final credit program test\7.final Credit program test.vcxproj" on node 2 (build target(s)).
InitializeBuildStatus:
  Touching "Debug\7.final Credit program test.unsuccessfulbuild".
ClCompile:
  All outputs are up-to-date.
  All outputs are up-to-date.
ManifestResourceCompile:
  All outputs are up-to-date.
Link:
  E:\New Folder\VC\bin\link.exe /ERRORREPORT:PROMPT /OUT:"E:\myhm\testing first multithread program\Debug\7.final Credit program test.exe" /INCREMENTAL /NOLOGO kernel32.lib user32.lib gdi32.lib winspool.lib comdlg32.lib advapi32.lib shell32.lib ole32.lib oleaut32.lib uuid.lib odbc32.lib odbccp32.lib /MANIFEST /ManifestFile:"Debug\7.final Credit program test.exe.intermediate.manifest" /MANIFESTUAC:"level='asInvoker' uiAccess='false'" /DEBUG /PDB:"E:\myhm\testing first multithread program\Debug\7.final Credit program test.pdb" /SUBSYSTEM:CONSOLE /TLBID:1 /DYNAMICBASE /NXCOMPAT /IMPLIB:"E:\myhm\testing first multithread program\Debug\7.final Credit program test.lib" /MACHINE:X86 "Debug\7.final Credit program test.exe.embed.manifest.res"
  "Debug\7.final Credit program test.obj"
  Debug\stdafx.obj
MSVCRTD.lib(crtexe.obj) : error LNK2019: unresolved external symbol _main referenced in function ___tmainCRTStartup
E:\myhm\testing first multithread program\Debug\7.final Credit program test.exe : fatal error LNK1120: 1 unresolved externals
Done Building Project "E:\myhm\7.final Credit program test\7.final credit program test\7.final Credit program test.vcxproj" (build target(s)) -- FAILED.

Build FAILED.

Time Elapsed 00:00:00.53
